[27300:24820:1003/051616.716:INFO:components\enterprise\browser\controller\chrome_browser_cloud_management_controller.cc:206] No machine level policy manager exists.
[6812:3008:1003/051616.894:ERROR:ui\gl\direct_composition_support.cc:616] AMD VideoProcessorGetOutputExtension failed: Unspecified error (0x80004005)
[6812:3008:1003/051616.897:VERBOSE1:components\viz\service\main\viz_main_impl.cc:86] VizNullHypothesis is disabled (not a warning)
[24344:26676:1003/051617.275:INFO:third_party\webrtc\rtc_base\cpu_info.cc:75] Available number of cores: 8
[28776:28828:1003/051617.795:INFO:third_party\webrtc\rtc_base\cpu_info.cc:75] Available number of cores: 8
[27732:27384:1003/051618.228:INFO:third_party\webrtc\rtc_base\cpu_info.cc:75] Available number of cores: 8
[29192:25876:1003/051618.839:INFO:third_party\webrtc\rtc_base\cpu_info.cc:75] Available number of cores: 8
[27300:24820:1003/051622.204:INFO:CONSOLE:0] "[DOM] Input elements should have autocomplete attributes (suggested: "current-password"): (More info: https://goo.gl/9p2vKq) %o", source: https://app.maloum.com/login?returnPath=/chat (0)
[3952:14084:1003/051623.454:INFO:third_party\webrtc\rtc_base\cpu_info.cc:75] Available number of cores: 8
[27300:24820:1003/051623.459:INFO:CONSOLE:0] "Error while trying to use the following icon from the Manifest: https://app.maloum.com/android-chrome-192x192.png (Download error or resource isn't a valid image)", source: https://app.maloum.com/login?returnPath=/chat (0)
[18820:27924:1003/051627.610:INFO:third_party\webrtc\rtc_base\cpu_info.cc:75] Available number of cores: 8
[6812:3008:1003/051627.821:WARNING:cc\paint\skottie_wrapper_impl.cc:130] Encountered unknown property node with hash: 559079338
[6812:3008:1003/051627.821:WARNING:cc\paint\skottie_wrapper_impl.cc:130] Encountered unknown property node with hash: 733108593
[6812:3008:1003/051627.821:WARNING:cc\paint\skottie_wrapper_impl.cc:130] Encountered unknown property node with hash: 1104477328
[6812:3008:1003/051627.821:WARNING:cc\paint\skottie_wrapper_impl.cc:130] Encountered unknown property node with hash: 1235441726
[6812:3008:1003/051627.821:WARNING:cc\paint\skottie_wrapper_impl.cc:130] Encountered unknown property node with hash: 1398109417
[6812:3008:1003/051627.821:WARNING:cc\paint\skottie_wrapper_impl.cc:130] Encountered unknown property node with hash: 1745445570
[6812:3008:1003/051627.821:WARNING:cc\paint\skottie_wrapper_impl.cc:130] Encountered unknown property node with hash: 2629264519
[6812:3008:1003/051627.821:WARNING:cc\paint\skottie_wrapper_impl.cc:130] Encountered unknown property node with hash: 2928374096
[6812:3008:1003/051627.821:WARNING:cc\paint\skottie_wrapper_impl.cc:130] Encountered unknown property node with hash: 3162947791
[6812:3008:1003/051627.821:WARNING:cc\paint\skottie_wrapper_impl.cc:130] Encountered unknown property node with hash: 3189316647
[28448:15388:1003/051627.939:INFO:third_party\webrtc\rtc_base\cpu_info.cc:75] Available number of cores: 8
[27300:24820:1003/051628.226:INFO:CONSOLE:0] "Error while trying to use the following icon from the Manifest: https://app.maloum.com/android-chrome-192x192.png (Download error or resource isn't a valid image)", source: https://app.maloum.com/chat (0)
[27300:24820:1003/051631.220:ERROR:services\device\usb\usb_descriptors.cc:142] Failed to read length for configuration 1.
[27300:24820:1003/051631.221:ERROR:services\device\usb\usb_descriptors.cc:142] Failed to read length for configuration 2.
[27300:24820:1003/051631.222:ERROR:services\device\usb\usb_descriptors.cc:101] Failed to read all configuration descriptors. Expected 3, got 1.
[27300:24820:1003/051631.222:ERROR:components\device_event_log\device_event_log_impl.cc:198] [05:16:31.222] USB: usb_device_win.cc:95 Failed to read descriptors from \\?\usb#vid_0b95&pid_1790#00000000014ead#{a5dcbf10-6530-11d2-901f-00c04fb951ed}.
[27300:15168:1003/051634.925:ERROR:google_apis\gcm\engine\registration_request.cc:291] Registration response error message: DEPRECATED_ENDPOINT
