[15468:21848:1003/041620.513:INFO:components\enterprise\browser\controller\chrome_browser_cloud_management_controller.cc:206] No machine level policy manager exists.
[21428:10208:1003/041620.708:ERROR:ui\gl\direct_composition_support.cc:616] AMD VideoProcessorGetOutputExtension failed: Unspecified error (0x80004005)
[21428:10208:1003/041620.711:VERBOSE1:components\viz\service\main\viz_main_impl.cc:86] VizNullHypothesis is disabled (not a warning)
[23720:22628:1003/041620.809:INFO:third_party\webrtc\rtc_base\cpu_info.cc:75] Available number of cores: 8
[9968:14152:1003/041620.810:INFO:third_party\webrtc\rtc_base\cpu_info.cc:75] Available number of cores: 8
[28060:22292:1003/041621.698:INFO:third_party\webrtc\rtc_base\cpu_info.cc:75] Available number of cores: 8
[13780:28424:1003/041622.191:INFO:third_party\webrtc\rtc_base\cpu_info.cc:75] Available number of cores: 8
[15468:21848:1003/041624.655:INFO:CONSOLE:0] "[DOM] Input elements should have autocomplete attributes (suggested: "current-password"): (More info: https://goo.gl/9p2vKq) %o", source: https://app.maloum.com/login?returnPath=/chat (0)
[21500:9900:1003/041625.182:INFO:third_party\webrtc\rtc_base\cpu_info.cc:75] Available number of cores: 8
[15468:21848:1003/041626.678:INFO:CONSOLE:0] "Error while trying to use the following icon from the Manifest: https://app.maloum.com/android-chrome-192x192.png (Download error or resource isn't a valid image)", source: https://app.maloum.com/login?returnPath=/chat (0)
[3616:14084:1003/041630.642:INFO:third_party\webrtc\rtc_base\cpu_info.cc:75] Available number of cores: 8
[23480:6780:1003/041631.090:INFO:third_party\webrtc\rtc_base\cpu_info.cc:75] Available number of cores: 8
[21428:10208:1003/041631.171:WARNING:cc\paint\skottie_wrapper_impl.cc:130] Encountered unknown property node with hash: 559079338
[21428:10208:1003/041631.171:WARNING:cc\paint\skottie_wrapper_impl.cc:130] Encountered unknown property node with hash: 733108593
[21428:10208:1003/041631.171:WARNING:cc\paint\skottie_wrapper_impl.cc:130] Encountered unknown property node with hash: 1104477328
[21428:10208:1003/041631.171:WARNING:cc\paint\skottie_wrapper_impl.cc:130] Encountered unknown property node with hash: 1235441726
[21428:10208:1003/041631.171:WARNING:cc\paint\skottie_wrapper_impl.cc:130] Encountered unknown property node with hash: 1398109417
[21428:10208:1003/041631.171:WARNING:cc\paint\skottie_wrapper_impl.cc:130] Encountered unknown property node with hash: 1745445570
[21428:10208:1003/041631.171:WARNING:cc\paint\skottie_wrapper_impl.cc:130] Encountered unknown property node with hash: 2629264519
[21428:10208:1003/041631.171:WARNING:cc\paint\skottie_wrapper_impl.cc:130] Encountered unknown property node with hash: 2928374096
[21428:10208:1003/041631.171:WARNING:cc\paint\skottie_wrapper_impl.cc:130] Encountered unknown property node with hash: 3162947791
[21428:10208:1003/041631.171:WARNING:cc\paint\skottie_wrapper_impl.cc:130] Encountered unknown property node with hash: 3189316647
[15468:21848:1003/041631.595:INFO:CONSOLE:0] "Error while trying to use the following icon from the Manifest: https://app.maloum.com/android-chrome-192x192.png (Download error or resource isn't a valid image)", source: https://app.maloum.com/chat (0)
[15468:21848:1003/041635.022:ERROR:services\device\usb\usb_descriptors.cc:142] Failed to read length for configuration 1.
[15468:21848:1003/041635.022:ERROR:services\device\usb\usb_descriptors.cc:142] Failed to read length for configuration 2.
[15468:21848:1003/041635.023:ERROR:services\device\usb\usb_descriptors.cc:101] Failed to read all configuration descriptors. Expected 3, got 1.
[15468:21848:1003/041635.023:ERROR:components\device_event_log\device_event_log_impl.cc:198] [04:16:35.024] USB: usb_device_win.cc:95 Failed to read descriptors from \\?\usb#vid_0b95&pid_1790#00000000014ead#{a5dcbf10-6530-11d2-901f-00c04fb951ed}.
[15468:26728:1003/041635.797:ERROR:google_apis\gcm\engine\registration_request.cc:291] Registration response error message: DEPRECATED_ENDPOINT
[21428:10208:1003/041648.113:WARNING:cc\paint\skottie_wrapper_impl.cc:130] Encountered unknown property node with hash: 559079338
[21428:10208:1003/041648.113:WARNING:cc\paint\skottie_wrapper_impl.cc:130] Encountered unknown property node with hash: 733108593
[21428:10208:1003/041648.113:WARNING:cc\paint\skottie_wrapper_impl.cc:130] Encountered unknown property node with hash: 1104477328
[21428:10208:1003/041648.113:WARNING:cc\paint\skottie_wrapper_impl.cc:130] Encountered unknown property node with hash: 1235441726
[21428:10208:1003/041648.113:WARNING:cc\paint\skottie_wrapper_impl.cc:130] Encountered unknown property node with hash: 1398109417
[21428:10208:1003/041648.113:WARNING:cc\paint\skottie_wrapper_impl.cc:130] Encountered unknown property node with hash: 1745445570
[21428:10208:1003/041648.113:WARNING:cc\paint\skottie_wrapper_impl.cc:130] Encountered unknown property node with hash: 2629264519
[21428:10208:1003/041648.113:WARNING:cc\paint\skottie_wrapper_impl.cc:130] Encountered unknown property node with hash: 2928374096
[21428:10208:1003/041648.113:WARNING:cc\paint\skottie_wrapper_impl.cc:130] Encountered unknown property node with hash: 3162947791
[21428:10208:1003/041648.113:WARNING:cc\paint\skottie_wrapper_impl.cc:130] Encountered unknown property node with hash: 3189316647
[21428:10208:1003/041648.447:WARNING:cc\paint\skottie_wrapper_impl.cc:130] Encountered unknown property node with hash: 559079338
[21428:10208:1003/041648.447:WARNING:cc\paint\skottie_wrapper_impl.cc:130] Encountered unknown property node with hash: 733108593
[21428:10208:1003/041648.447:WARNING:cc\paint\skottie_wrapper_impl.cc:130] Encountered unknown property node with hash: 1104477328
[21428:10208:1003/041648.447:WARNING:cc\paint\skottie_wrapper_impl.cc:130] Encountered unknown property node with hash: 1235441726
[21428:10208:1003/041648.447:WARNING:cc\paint\skottie_wrapper_impl.cc:130] Encountered unknown property node with hash: 1398109417
[21428:10208:1003/041648.447:WARNING:cc\paint\skottie_wrapper_impl.cc:130] Encountered unknown property node with hash: 1745445570
[21428:10208:1003/041648.447:WARNING:cc\paint\skottie_wrapper_impl.cc:130] Encountered unknown property node with hash: 2629264519
[21428:10208:1003/041648.447:WARNING:cc\paint\skottie_wrapper_impl.cc:130] Encountered unknown property node with hash: 2928374096
[21428:10208:1003/041648.447:WARNING:cc\paint\skottie_wrapper_impl.cc:130] Encountered unknown property node with hash: 3162947791
[21428:10208:1003/041648.447:WARNING:cc\paint\skottie_wrapper_impl.cc:130] Encountered unknown property node with hash: 3189316647
[7804:15888:1003/041655.529:INFO:third_party\webrtc\rtc_base\cpu_info.cc:75] Available number of cores: 8
[27836:14488:1003/041655.964:INFO:third_party\webrtc\rtc_base\cpu_info.cc:75] Available number of cores: 8
[28612:21872:1003/041656.360:INFO:third_party\webrtc\rtc_base\cpu_info.cc:75] Available number of cores: 8
[15468:26728:1003/041705.840:ERROR:google_apis\gcm\engine\registration_request.cc:291] Registration response error message: DEPRECATED_ENDPOINT
[27060:27132:1003/041721.180:INFO:third_party\webrtc\rtc_base\cpu_info.cc:75] Available number of cores: 8
[15468:21848:1003/041728.387:INFO:CONSOLE:384] "🔥 Firebase License Validator script loaded (Event-driven only - No periodic checks)", source: chrome-extension://becmimhbgbkcmgflegjefkadcpkbphcl/firebase-license-validator.js (384)
[15468:21848:1003/041728.397:INFO:CONSOLE:1874] "🤖 AI Assist Manager loaded", source: chrome-extension://becmimhbgbkcmgflegjefkadcpkbphcl/ai-assist-manager.js (1874)
[15468:21848:1003/041728.400:INFO:CONSOLE:471] "🔧 ADMIN DOUBLE TRANSLATION FIX APPLIED", source: chrome-extension://becmimhbgbkcmgflegjefkadcpkbphcl/translation-service.js (471)
[15468:21848:1003/041728.400:INFO:CONSOLE:472] "🔧 This fix ensures admin users respect cache before making API calls", source: chrome-extension://becmimhbgbkcmgflegjefkadcpkbphcl/translation-service.js (472)
[15468:21848:1003/041728.405:INFO:CONSOLE:4] "📊 Full-Featured Agency Tracker starting...", source: chrome-extension://becmimhbgbkcmgflegjefkadcpkbphcl/tracker.js (4)
[15468:21848:1003/041728.405:INFO:CONSOLE:4991] "📊 Full-Featured Agency Tracker script loaded", source: chrome-extension://becmimhbgbkcmgflegjefkadcpkbphcl/tracker.js (4991)
[15468:21848:1003/041728.457:INFO:CONSOLE:28] "🔥 Firebase Usage Tracker initializing...", source: chrome-extension://becmimhbgbkcmgflegjefkadcpkbphcl/cache-manager.js (28)
[15468:21848:1003/041728.458:INFO:CONSOLE:1357] "📊 Starting batch sending timer", source: chrome-extension://becmimhbgbkcmgflegjefkadcpkbphcl/cache-manager.js (1357)
[15468:21848:1003/041728.464:INFO:CONSOLE:131] "Enhanced Emoji Manager with Recent Emojis initializing...", source: chrome-extension://becmimhbgbkcmgflegjefkadcpkbphcl/emoji-manager.js (131)
[15468:21848:1003/041728.466:INFO:CONSOLE:9] "💰 Maloum Payout Manager starting...", source: chrome-extension://becmimhbgbkcmgflegjefkadcpkbphcl/payout-manager.js (9)
[15468:21848:1003/041728.466:INFO:CONSOLE:178] "💰 Page monitoring setup complete", source: chrome-extension://becmimhbgbkcmgflegjefkadcpkbphcl/payout-manager.js (178)
[15468:21848:1003/041728.467:INFO:CONSOLE:183] "💰 Is payout page: false", source: chrome-extension://becmimhbgbkcmgflegjefkadcpkbphcl/payout-manager.js (183)
[15468:21848:1003/041728.467:INFO:CONSOLE:869] "💰 Payout Manager initialized", source: chrome-extension://becmimhbgbkcmgflegjefkadcpkbphcl/payout-manager.js (869)
[15468:21848:1003/041728.467:INFO:CONSOLE:50] "📊 Initializing Full-Featured Agency Tracker...", source: chrome-extension://becmimhbgbkcmgflegjefkadcpkbphcl/tracker.js (50)
[15468:21848:1003/041728.468:INFO:CONSOLE:4969] "🚀 FULL-FEATURED TRACKER ACTIVE", source: chrome-extension://becmimhbgbkcmgflegjefkadcpkbphcl/tracker.js (4969)
[15468:21848:1003/041728.591:INFO:CONSOLE:82] "🔥 Using chatterId as fallback: user_1759436248592", source: chrome-extension://becmimhbgbkcmgflegjefkadcpkbphcl/cache-manager.js (82)
[15468:21848:1003/041728.595:INFO:CONSOLE:71] "📊 Auto-configuration complete: [object Object]", source: chrome-extension://becmimhbgbkcmgflegjefkadcpkbphcl/tracker.js (71)
[15468:21848:1003/041728.615:INFO:CONSOLE:85] "📊 Loaded persisted data: 0 requests", source: chrome-extension://becmimhbgbkcmgflegjefkadcpkbphcl/tracker.js (85)
[15468:21848:1003/041728.615:INFO:CONSOLE:1589] "📊 Chrome message listener setup complete", source: chrome-extension://becmimhbgbkcmgflegjefkadcpkbphcl/tracker.js (1589)
[15468:21848:1003/041728.615:INFO:CONSOLE:1553] "📊 Event listeners setup complete", source: chrome-extension://becmimhbgbkcmgflegjefkadcpkbphcl/tracker.js (1553)
[15468:21848:1003/041728.615:INFO:CONSOLE:146] "🔥 Setting up ultra-robust button monitoring...", source: chrome-extension://becmimhbgbkcmgflegjefkadcpkbphcl/tracker.js (146)
[15468:21848:1003/041728.616:INFO:CONSOLE:192] "✅ Ultra-robust button monitoring active", source: chrome-extension://becmimhbgbkcmgflegjefkadcpkbphcl/tracker.js (192)
[15468:21848:1003/041728.616:INFO:CONSOLE:57] "✅ Full-featured tracker initialized", source: chrome-extension://becmimhbgbkcmgflegjefkadcpkbphcl/tracker.js (57)
[15468:21848:1003/041728.635:INFO:CONSOLE:193] "✅ Custom emojis saved to IndexedDB", source: chrome-extension://becmimhbgbkcmgflegjefkadcpkbphcl/emoji-manager.js (193)
[15468:21848:1003/041728.635:INFO:CONSOLE:178] "📦 Initialized with default custom emojis", source: chrome-extension://becmimhbgbkcmgflegjefkadcpkbphcl/emoji-manager.js (178)
[15468:21848:1003/041728.635:INFO:CONSOLE:225] "📝 Starting with empty recent emojis", source: chrome-extension://becmimhbgbkcmgflegjefkadcpkbphcl/emoji-manager.js (225)
[15468:21848:1003/041728.637:INFO:CONSOLE:349] "🎹 Setting up emoji manager keyboard shortcuts...", source: chrome-extension://becmimhbgbkcmgflegjefkadcpkbphcl/emoji-manager.js (349)
[15468:21848:1003/041728.637:INFO:CONSOLE:443] "✅ Emoji keyboard shortcuts setup complete", source: chrome-extension://becmimhbgbkcmgflegjefkadcpkbphcl/emoji-manager.js (443)
[15468:21848:1003/041728.780:INFO:CONSOLE:104] "✅ Firebase connection test successful", source: chrome-extension://becmimhbgbkcmgflegjefkadcpkbphcl/cache-manager.js (104)
[15468:21848:1003/041728.780:INFO:CONSOLE:43] "✅ Firebase Usage Tracker ready for user: user_1759436248592", source: chrome-extension://becmimhbgbkcmgflegjefkadcpkbphcl/cache-manager.js (43)
[15468:21848:1003/041728.780:INFO:CONSOLE:44] "⚠️ User activity will ONLY be updated on actual API usage", source: chrome-extension://becmimhbgbkcmgflegjefkadcpkbphcl/cache-manager.js (44)
[15684:27500:1003/041729.308:INFO:third_party\webrtc\rtc_base\cpu_info.cc:75] Available number of cores: 8
[15468:21848:1003/041729.490:INFO:CONSOLE:4918] "🗑️ Destroying tracker instance...", source: chrome-extension://becmimhbgbkcmgflegjefkadcpkbphcl/tracker.js (4918)
[15468:21848:1003/041729.490:INFO:CONSOLE:4948] "✅ Tracker destroyed", source: chrome-extension://becmimhbgbkcmgflegjefkadcpkbphcl/tracker.js (4948)
[15468:21848:1003/041729.490:INFO:CONSOLE:50] "📊 Initializing Full-Featured Agency Tracker...", source: chrome-extension://becmimhbgbkcmgflegjefkadcpkbphcl/tracker.js (50)
[15468:21848:1003/041729.490:INFO:CONSOLE:4969] "🚀 FULL-FEATURED TRACKER ACTIVE", source: chrome-extension://becmimhbgbkcmgflegjefkadcpkbphcl/tracker.js (4969)
[15468:21848:1003/041729.492:INFO:CONSOLE:71] "📊 Auto-configuration complete: [object Object]", source: chrome-extension://becmimhbgbkcmgflegjefkadcpkbphcl/tracker.js (71)
[15468:21848:1003/041729.493:INFO:CONSOLE:85] "📊 Loaded persisted data: 0 requests", source: chrome-extension://becmimhbgbkcmgflegjefkadcpkbphcl/tracker.js (85)
[15468:21848:1003/041729.494:INFO:CONSOLE:1589] "📊 Chrome message listener setup complete", source: chrome-extension://becmimhbgbkcmgflegjefkadcpkbphcl/tracker.js (1589)
[15468:21848:1003/041729.494:INFO:CONSOLE:1553] "📊 Event listeners setup complete", source: chrome-extension://becmimhbgbkcmgflegjefkadcpkbphcl/tracker.js (1553)
[15468:21848:1003/041729.494:INFO:CONSOLE:146] "🔥 Setting up ultra-robust button monitoring...", source: chrome-extension://becmimhbgbkcmgflegjefkadcpkbphcl/tracker.js (146)
[15468:21848:1003/041729.494:INFO:CONSOLE:192] "✅ Ultra-robust button monitoring active", source: chrome-extension://becmimhbgbkcmgflegjefkadcpkbphcl/tracker.js (192)
[15468:21848:1003/041729.494:INFO:CONSOLE:57] "✅ Full-featured tracker initialized", source: chrome-extension://becmimhbgbkcmgflegjefkadcpkbphcl/tracker.js (57)
[27284:27236:1003/041729.555:INFO:third_party\webrtc\rtc_base\cpu_info.cc:75] Available number of cores: 8
[15468:21848:1003/041729.688:INFO:CONSOLE:0] "Error while trying to use the following icon from the Manifest: https://app.maloum.com/android-chrome-192x192.png (Download error or resource isn't a valid image)", source: https://app.maloum.com/chat (0)
[15468:21848:1003/041730.467:INFO:CONSOLE:23] "🤖 AI Assist Manager initializing...", source: chrome-extension://becmimhbgbkcmgflegjefkadcpkbphcl/ai-assist-manager.js (23)
[15468:21848:1003/041730.467:INFO:CONSOLE:1814] "🤖 AI Assist Manager initialized", source: chrome-extension://becmimhbgbkcmgflegjefkadcpkbphcl/ai-assist-manager.js (1814)
[15468:21848:1003/041731.407:INFO:CONSOLE:4918] "🗑️ Destroying tracker instance...", source: chrome-extension://becmimhbgbkcmgflegjefkadcpkbphcl/tracker.js (4918)
[15468:21848:1003/041731.407:INFO:CONSOLE:4948] "✅ Tracker destroyed", source: chrome-extension://becmimhbgbkcmgflegjefkadcpkbphcl/tracker.js (4948)
[15468:21848:1003/041731.407:INFO:CONSOLE:50] "📊 Initializing Full-Featured Agency Tracker...", source: chrome-extension://becmimhbgbkcmgflegjefkadcpkbphcl/tracker.js (50)
[15468:21848:1003/041731.407:INFO:CONSOLE:4969] "🚀 FULL-FEATURED TRACKER ACTIVE", source: chrome-extension://becmimhbgbkcmgflegjefkadcpkbphcl/tracker.js (4969)
[15468:21848:1003/041731.409:INFO:CONSOLE:71] "📊 Auto-configuration complete: [object Object]", source: chrome-extension://becmimhbgbkcmgflegjefkadcpkbphcl/tracker.js (71)
[15468:21848:1003/041731.413:INFO:CONSOLE:85] "📊 Loaded persisted data: 0 requests", source: chrome-extension://becmimhbgbkcmgflegjefkadcpkbphcl/tracker.js (85)
[15468:21848:1003/041731.414:INFO:CONSOLE:1589] "📊 Chrome message listener setup complete", source: chrome-extension://becmimhbgbkcmgflegjefkadcpkbphcl/tracker.js (1589)
[15468:21848:1003/041731.414:INFO:CONSOLE:1553] "📊 Event listeners setup complete", source: chrome-extension://becmimhbgbkcmgflegjefkadcpkbphcl/tracker.js (1553)
[15468:21848:1003/041731.414:INFO:CONSOLE:146] "🔥 Setting up ultra-robust button monitoring...", source: chrome-extension://becmimhbgbkcmgflegjefkadcpkbphcl/tracker.js (146)
[15468:21848:1003/041731.416:INFO:CONSOLE:192] "✅ Ultra-robust button monitoring active", source: chrome-extension://becmimhbgbkcmgflegjefkadcpkbphcl/tracker.js (192)
[15468:21848:1003/041731.416:INFO:CONSOLE:57] "✅ Full-featured tracker initialized", source: chrome-extension://becmimhbgbkcmgflegjefkadcpkbphcl/tracker.js (57)
[15468:21848:1003/041731.468:INFO:CONSOLE:164] "🎹 Setting up AI Assist keyboard shortcuts...", source: chrome-extension://becmimhbgbkcmgflegjefkadcpkbphcl/ai-assist-manager.js (164)
[15468:21848:1003/041731.468:INFO:CONSOLE:194] "✅ AI Assist keyboard shortcuts setup complete", source: chrome-extension://becmimhbgbkcmgflegjefkadcpkbphcl/ai-assist-manager.js (194)
[15468:21848:1003/041731.469:INFO:CONSOLE:146] "🤖 DOM monitoring setup for button persistence", source: chrome-extension://becmimhbgbkcmgflegjefkadcpkbphcl/ai-assist-manager.js (146)
[15468:21848:1003/041733.412:INFO:CONSOLE:4918] "🗑️ Destroying tracker instance...", source: chrome-extension://becmimhbgbkcmgflegjefkadcpkbphcl/tracker.js (4918)
[15468:21848:1003/041733.412:INFO:CONSOLE:4948] "✅ Tracker destroyed", source: chrome-extension://becmimhbgbkcmgflegjefkadcpkbphcl/tracker.js (4948)
[15468:21848:1003/041733.412:INFO:CONSOLE:50] "📊 Initializing Full-Featured Agency Tracker...", source: chrome-extension://becmimhbgbkcmgflegjefkadcpkbphcl/tracker.js (50)
[15468:21848:1003/041733.413:INFO:CONSOLE:4969] "🚀 FULL-FEATURED TRACKER ACTIVE", source: chrome-extension://becmimhbgbkcmgflegjefkadcpkbphcl/tracker.js (4969)
[15468:21848:1003/041733.414:INFO:CONSOLE:71] "📊 Auto-configuration complete: [object Object]", source: chrome-extension://becmimhbgbkcmgflegjefkadcpkbphcl/tracker.js (71)
[15468:21848:1003/041733.415:INFO:CONSOLE:85] "📊 Loaded persisted data: 0 requests", source: chrome-extension://becmimhbgbkcmgflegjefkadcpkbphcl/tracker.js (85)
[15468:21848:1003/041733.415:INFO:CONSOLE:1589] "📊 Chrome message listener setup complete", source: chrome-extension://becmimhbgbkcmgflegjefkadcpkbphcl/tracker.js (1589)
[15468:21848:1003/041733.415:INFO:CONSOLE:1553] "📊 Event listeners setup complete", source: chrome-extension://becmimhbgbkcmgflegjefkadcpkbphcl/tracker.js (1553)
[15468:21848:1003/041733.415:INFO:CONSOLE:146] "🔥 Setting up ultra-robust button monitoring...", source: chrome-extension://becmimhbgbkcmgflegjefkadcpkbphcl/tracker.js (146)
[15468:21848:1003/041733.415:INFO:CONSOLE:192] "✅ Ultra-robust button monitoring active", source: chrome-extension://becmimhbgbkcmgflegjefkadcpkbphcl/tracker.js (192)
[15468:21848:1003/041733.415:INFO:CONSOLE:57] "✅ Full-featured tracker initialized", source: chrome-extension://becmimhbgbkcmgflegjefkadcpkbphcl/tracker.js (57)
[15468:21848:1003/041733.695:INFO:CONSOLE:1761] "🧹 Destroying AI Assist Manager instance...", source: chrome-extension://becmimhbgbkcmgflegjefkadcpkbphcl/ai-assist-manager.js (1761)
[15468:21848:1003/041733.695:INFO:CONSOLE:209] "🧹 Removed AI Assist keyboard handler", source: chrome-extension://becmimhbgbkcmgflegjefkadcpkbphcl/ai-assist-manager.js (209)
[15468:21848:1003/041733.695:INFO:CONSOLE:1801] "✅ AI Assist Manager destroyed", source: chrome-extension://becmimhbgbkcmgflegjefkadcpkbphcl/ai-assist-manager.js (1801)
[15468:21848:1003/041733.695:INFO:CONSOLE:2444] "🧹 Cleared textarea monitoring interval", source: chrome-extension://becmimhbgbkcmgflegjefkadcpkbphcl/content.js (2444)
[15468:21848:1003/041733.697:INFO:CONSOLE:4918] "🗑️ Destroying tracker instance...", source: chrome-extension://becmimhbgbkcmgflegjefkadcpkbphcl/tracker.js (4918)
[15468:21848:1003/041733.697:INFO:CONSOLE:4948] "✅ Tracker destroyed", source: chrome-extension://becmimhbgbkcmgflegjefkadcpkbphcl/tracker.js (4948)
[15468:21848:1003/041733.697:INFO:CONSOLE:447] "🧹 Page unloading, cleaning up Emoji Manager...", source: chrome-extension://becmimhbgbkcmgflegjefkadcpkbphcl/emoji-manager.js (447)
[15468:21848:1003/041733.697:INFO:CONSOLE:2055] "🧹 Destroying Emoji Manager instance...", source: chrome-extension://becmimhbgbkcmgflegjefkadcpkbphcl/emoji-manager.js (2055)
[15468:21848:1003/041733.697:INFO:CONSOLE:458] "🧹 Removed emoji manager keyboard handler", source: chrome-extension://becmimhbgbkcmgflegjefkadcpkbphcl/emoji-manager.js (458)
[15468:21848:1003/041733.698:INFO:CONSOLE:1894] "🔧 closeEmojiPicker called, current state: false", source: chrome-extension://becmimhbgbkcmgflegjefkadcpkbphcl/emoji-manager.js (1894)
[15468:21848:1003/041733.698:INFO:CONSOLE:1896] "🔧 Picker already closed, skipping animation", source: chrome-extension://becmimhbgbkcmgflegjefkadcpkbphcl/emoji-manager.js (1896)
[15468:21848:1003/041733.698:INFO:CONSOLE:2097] "✅ Emoji Manager destroyed", source: chrome-extension://becmimhbgbkcmgflegjefkadcpkbphcl/emoji-manager.js (2097)
