2025-10-03 01:36:12,123 INFO: Maloum Chatter Control startup [in C:\Users\Noel Periarce\Documents\MNL\maloum-chatter-control\app.py:50]
2025-10-03 01:36:12,439 INFO: Default admin user created [in C:\Users\Noel Periarce\Documents\MNL\maloum-chatter-control\app.py:516]
2025-10-03 01:38:20,997 INFO: Maloum Chatter Control startup [in C:\Users\Noel Periarce\Documents\MNL\maloum-chatter-control\app.py:50]
2025-10-03 01:44:02,971 INFO: Maloum Chatter Control startup [in C:\Users\Noel Periarce\Documents\MNL\maloum-chatter-control\app.py:71]
2025-10-03 01:44:19,691 INFO: Activity logged: User 1, Action: login [in C:\Users\Noel Periarce\Documents\MNL\maloum-chatter-control\app.py:137]
2025-10-03 01:44:19,693 INFO: User admin logged in successfully [in C:\Users\Noel Periarce\Documents\MNL\maloum-chatter-control\app.py:290]
2025-10-03 01:44:19,713 INFO: Activity logged: User 1, Action: view_dashboard [in C:\Users\Noel Periarce\Documents\MNL\maloum-chatter-control\app.py:137]
2025-10-03 01:44:19,718 INFO: User admin accessed dashboard [in C:\Users\Noel Periarce\Documents\MNL\maloum-chatter-control\app.py:318]
2025-10-03 01:44:43,194 INFO: Activity logged: User 1, Action: view_setup_accounts [in C:\Users\Noel Periarce\Documents\MNL\maloum-chatter-control\app.py:137]
2025-10-03 01:44:43,200 INFO: Admin admin accessed setup accounts page [in C:\Users\Noel Periarce\Documents\MNL\maloum-chatter-control\app.py:417]
2025-10-03 01:45:00,677 INFO: Activity logged: User 1, Action: setup_model_account [in C:\Users\Noel Periarce\Documents\MNL\maloum-chatter-control\app.py:137]
2025-10-03 01:45:00,677 ERROR: Failed to start browser session for model account: zharickp22@gmail.com [in C:\Users\Noel Periarce\Documents\MNL\maloum-chatter-control\app.py:412]
2025-10-03 01:45:01,014 INFO: Activity logged: User 1, Action: view_dashboard [in C:\Users\Noel Periarce\Documents\MNL\maloum-chatter-control\app.py:137]
2025-10-03 01:45:01,014 INFO: User admin accessed dashboard [in C:\Users\Noel Periarce\Documents\MNL\maloum-chatter-control\app.py:318]
2025-10-03 01:45:33,923 INFO: Activity logged: User 1, Action: logout [in C:\Users\Noel Periarce\Documents\MNL\maloum-chatter-control\app.py:137]
2025-10-03 01:45:33,928 INFO: User admin logged out [in C:\Users\Noel Periarce\Documents\MNL\maloum-chatter-control\app.py:302]
2025-10-03 01:49:24,466 INFO: Activity logged: User 1, Action: login [in C:\Users\Noel Periarce\Documents\MNL\maloum-chatter-control\app.py:137]
2025-10-03 01:49:24,470 INFO: User admin logged in successfully [in C:\Users\Noel Periarce\Documents\MNL\maloum-chatter-control\app.py:290]
2025-10-03 01:49:24,812 INFO: Activity logged: User 1, Action: view_dashboard [in C:\Users\Noel Periarce\Documents\MNL\maloum-chatter-control\app.py:137]
2025-10-03 01:49:24,814 INFO: User admin accessed dashboard [in C:\Users\Noel Periarce\Documents\MNL\maloum-chatter-control\app.py:318]
2025-10-03 01:49:32,190 INFO: Activity logged: User 1, Action: view_add_user [in C:\Users\Noel Periarce\Documents\MNL\maloum-chatter-control\app.py:137]
2025-10-03 01:49:32,194 INFO: Admin admin accessed add user page [in C:\Users\Noel Periarce\Documents\MNL\maloum-chatter-control\app.py:469]
2025-10-03 01:49:55,312 INFO: Activity logged: User 1, Action: add_user [in C:\Users\Noel Periarce\Documents\MNL\maloum-chatter-control\app.py:137]
2025-10-03 01:49:55,315 INFO: Admin admin created new user: Noel [in C:\Users\Noel Periarce\Documents\MNL\maloum-chatter-control\app.py:464]
2025-10-03 01:49:55,330 INFO: Activity logged: User 1, Action: view_dashboard [in C:\Users\Noel Periarce\Documents\MNL\maloum-chatter-control\app.py:137]
2025-10-03 01:49:55,332 INFO: User admin accessed dashboard [in C:\Users\Noel Periarce\Documents\MNL\maloum-chatter-control\app.py:318]
2025-10-03 01:50:04,847 INFO: Activity logged: User 1, Action: logout [in C:\Users\Noel Periarce\Documents\MNL\maloum-chatter-control\app.py:137]
2025-10-03 01:50:04,852 INFO: User admin logged out [in C:\Users\Noel Periarce\Documents\MNL\maloum-chatter-control\app.py:302]
2025-10-03 01:50:12,358 INFO: Activity logged: User 2, Action: login [in C:\Users\Noel Periarce\Documents\MNL\maloum-chatter-control\app.py:137]
2025-10-03 01:50:12,360 INFO: User Noel logged in successfully [in C:\Users\Noel Periarce\Documents\MNL\maloum-chatter-control\app.py:290]
2025-10-03 01:50:12,765 INFO: Activity logged: User 2, Action: view_dashboard [in C:\Users\Noel Periarce\Documents\MNL\maloum-chatter-control\app.py:137]
2025-10-03 01:50:12,768 INFO: User Noel accessed dashboard [in C:\Users\Noel Periarce\Documents\MNL\maloum-chatter-control\app.py:318]
2025-10-03 01:50:29,337 INFO: Activity logged: User 2, Action: logout [in C:\Users\Noel Periarce\Documents\MNL\maloum-chatter-control\app.py:137]
2025-10-03 01:50:29,340 INFO: User Noel logged out [in C:\Users\Noel Periarce\Documents\MNL\maloum-chatter-control\app.py:302]
2025-10-03 01:50:40,117 INFO: Activity logged: User 1, Action: login [in C:\Users\Noel Periarce\Documents\MNL\maloum-chatter-control\app.py:137]
2025-10-03 01:50:40,119 INFO: User admin logged in successfully [in C:\Users\Noel Periarce\Documents\MNL\maloum-chatter-control\app.py:290]
2025-10-03 01:50:40,137 INFO: Activity logged: User 1, Action: view_dashboard [in C:\Users\Noel Periarce\Documents\MNL\maloum-chatter-control\app.py:137]
2025-10-03 01:50:40,140 INFO: User admin accessed dashboard [in C:\Users\Noel Periarce\Documents\MNL\maloum-chatter-control\app.py:318]
2025-10-03 01:50:42,538 INFO: Activity logged: User 1, Action: view_setup_accounts [in C:\Users\Noel Periarce\Documents\MNL\maloum-chatter-control\app.py:137]
2025-10-03 01:50:42,542 INFO: Admin admin accessed setup accounts page [in C:\Users\Noel Periarce\Documents\MNL\maloum-chatter-control\app.py:417]
2025-10-03 01:51:04,094 INFO: Activity logged: User 1, Action: setup_model_account [in C:\Users\Noel Periarce\Documents\MNL\maloum-chatter-control\app.py:137]
2025-10-03 01:51:04,096 ERROR: Failed to start browser session for model account: Model1 [in C:\Users\Noel Periarce\Documents\MNL\maloum-chatter-control\app.py:412]
2025-10-03 01:51:04,119 INFO: Activity logged: User 1, Action: view_dashboard [in C:\Users\Noel Periarce\Documents\MNL\maloum-chatter-control\app.py:137]
2025-10-03 01:51:04,121 INFO: User admin accessed dashboard [in C:\Users\Noel Periarce\Documents\MNL\maloum-chatter-control\app.py:318]
2025-10-03 01:51:15,366 INFO: Activity logged: User 1, Action: logout [in C:\Users\Noel Periarce\Documents\MNL\maloum-chatter-control\app.py:137]
2025-10-03 01:51:15,370 INFO: User admin logged out [in C:\Users\Noel Periarce\Documents\MNL\maloum-chatter-control\app.py:302]
2025-10-03 01:51:24,088 INFO: Activity logged: User 2, Action: login [in C:\Users\Noel Periarce\Documents\MNL\maloum-chatter-control\app.py:137]
2025-10-03 01:51:24,091 INFO: User Noel logged in successfully [in C:\Users\Noel Periarce\Documents\MNL\maloum-chatter-control\app.py:290]
2025-10-03 01:51:24,141 INFO: Activity logged: User 2, Action: view_dashboard [in C:\Users\Noel Periarce\Documents\MNL\maloum-chatter-control\app.py:137]
2025-10-03 01:51:24,145 INFO: User Noel accessed dashboard [in C:\Users\Noel Periarce\Documents\MNL\maloum-chatter-control\app.py:318]
2025-10-03 01:52:58,996 INFO: Activity logged: User 2, Action: logout [in C:\Users\Noel Periarce\Documents\MNL\maloum-chatter-control\app.py:137]
2025-10-03 01:52:59,006 INFO: User Noel logged out [in C:\Users\Noel Periarce\Documents\MNL\maloum-chatter-control\app.py:302]
2025-10-03 01:53:05,759 INFO: Activity logged: User 1, Action: login [in C:\Users\Noel Periarce\Documents\MNL\maloum-chatter-control\app.py:137]
2025-10-03 01:53:05,761 INFO: User admin logged in successfully [in C:\Users\Noel Periarce\Documents\MNL\maloum-chatter-control\app.py:290]
2025-10-03 01:53:05,777 INFO: Activity logged: User 1, Action: view_dashboard [in C:\Users\Noel Periarce\Documents\MNL\maloum-chatter-control\app.py:137]
2025-10-03 01:53:05,779 INFO: User admin accessed dashboard [in C:\Users\Noel Periarce\Documents\MNL\maloum-chatter-control\app.py:318]
2025-10-03 01:59:56,416 INFO: Maloum Chatter Control startup [in C:\Users\Noel Periarce\Documents\MNL\maloum-chatter-control\app.py:71]
2025-10-03 02:00:08,163 INFO: Activity logged: User 1, Action: login [in C:\Users\Noel Periarce\Documents\MNL\maloum-chatter-control\app.py:137]
2025-10-03 02:00:08,166 INFO: User admin logged in successfully [in C:\Users\Noel Periarce\Documents\MNL\maloum-chatter-control\app.py:290]
2025-10-03 02:00:08,204 INFO: Activity logged: User 1, Action: view_dashboard [in C:\Users\Noel Periarce\Documents\MNL\maloum-chatter-control\app.py:137]
2025-10-03 02:00:08,208 INFO: User admin accessed dashboard [in C:\Users\Noel Periarce\Documents\MNL\maloum-chatter-control\app.py:320]
